[I 10:35:45.362 NotebookApp] [jupyter_nbextensions_configurator] enabled 0.6.1
[W 2023-04-29 10:35:45.618 LabApp] 'allow_root' has moved from NotebookApp to ServerApp. This config will be passed to ServerApp. Be sure to update your config before our next release.
[W 2023-04-29 10:35:45.618 LabApp] 'ip' has moved from NotebookApp to ServerApp. This config will be passed to ServerApp. Be sure to update your config before our next release.
[W 2023-04-29 10:35:45.618 LabApp] 'notebook_dir' has moved from NotebookApp to ServerApp. This config will be passed to ServerApp. Be sure to update your config before our next release.
[W 2023-04-29 10:35:45.618 LabApp] 'password' has moved from NotebookApp to ServerApp. This config will be passed to ServerApp. Be sure to update your config before our next release.
[W 2023-04-29 10:35:45.618 LabApp] 'password' has moved from NotebookApp to ServerApp. This config will be passed to ServerApp. Be sure to update your config before our next release.
[I 2023-04-29 10:35:45.627 LabApp] JupyterLab extension loaded from /home/ubuntu/anaconda3/lib/python3.9/site-packages/jupyterlab
[I 2023-04-29 10:35:45.627 LabApp] JupyterLab application directory is /home/ubuntu/anaconda3/share/jupyter/lab
[I 10:35:45.632 NotebookApp] Serving notebooks from local directory: /home/ubuntu
[I 10:35:45.632 NotebookApp] Jupyter Notebook 6.4.12 is running at:
[I 10:35:45.633 NotebookApp] http://ip-172-31-9-54:8888/
[I 10:35:45.633 NotebookApp] Use Control-C to stop this server and shut down all kernels (twice to skip confirmation).
[W 10:35:45.643 NotebookApp] No web browser found: could not locate runnable browser.
[W 10:35:49.285 NotebookApp] 404 GET /api/kernels/69a37c67-7931-4330-8195-46c4e6b8ba69/channels?session_id=e34f25965299454b8b9662969a8f9001 (61.36.170.194): Kernel does not exist: 69a37c67-7931-4330-8195-46c4e6b8ba69
[W 10:35:49.308 NotebookApp] 404 GET /api/kernels/69a37c67-7931-4330-8195-46c4e6b8ba69/channels?session_id=e34f25965299454b8b9662969a8f9001 (61.36.170.194) 26.200000ms referer=None
[W 10:36:06.286 NotebookApp] 404 GET /api/kernels/69a37c67-7931-4330-8195-46c4e6b8ba69/channels?session_id=e34f25965299454b8b9662969a8f9001 (61.36.170.194): Kernel does not exist: 69a37c67-7931-4330-8195-46c4e6b8ba69
[W 10:36:06.287 NotebookApp] 404 GET /api/kernels/69a37c67-7931-4330-8195-46c4e6b8ba69/channels?session_id=e34f25965299454b8b9662969a8f9001 (61.36.170.194) 2.610000ms referer=None
[I 10:36:22.503 NotebookApp] Saving file at /machine_leanring/Logistic_regression.ipynb
/home/ubuntu/anaconda3/lib/python3.9/site-packages/nbformat/__init__.py:128: MissingIDFieldWarning: Code cell is missing an id field, this will become a hard error in future nbformat versions. You may want to use `normalize()` on your notebooks before validations (available since nbformat 5.1.4). Previous versions of nbformat are fixing this issue transparently, and will stop doing so in the future.
  validate(nb)
/home/ubuntu/anaconda3/lib/python3.9/site-packages/notebook/services/contents/manager.py:353: MissingIDFieldWarning: Code cell is missing an id field, this will become a hard error in future nbformat versions. You may want to use `normalize()` on your notebooks before validations (available since nbformat 5.1.4). Previous versions of nbformat are fixing this issue transparently, and will stop doing so in the future.
  validate_nb(model['content'])
[W 10:37:14.757 NotebookApp] Notebook machine_leanring/Logistic_regression.ipynb is not trusted
[I 10:37:15.036 NotebookApp] Kernel started: 6d388fa8-f5c5-44f5-aaaa-36ae33df72ce, name: python3
[W 10:37:54.494 NotebookApp] Notebook pandas_study/pandas_04_2.ipynb is not trusted
[I 10:37:55.232 NotebookApp] Kernel started: fcf5cbbd-3566-4185-b963-e1a4bb5993a5, name: python3
[I 10:38:09.522 NotebookApp] Saving file at /pandas_study/pandas_04_2.ipynb
[W 10:38:09.523 NotebookApp] Notebook pandas_study/pandas_04_2.ipynb is not trusted
[I 10:38:10.551 NotebookApp] Starting buffering for fcf5cbbd-3566-4185-b963-e1a4bb5993a5:dbc52ff2548f44bb9f88973f17463c73
[I 10:39:15.080 NotebookApp] Saving file at /machine_leanring/Logistic_regression.ipynb
/home/ubuntu/anaconda3/lib/python3.9/site-packages/nbformat/__init__.py:128: MissingIDFieldWarning: Code cell is missing an id field, this will become a hard error in future nbformat versions. You may want to use `normalize()` on your notebooks before validations (available since nbformat 5.1.4). Previous versions of nbformat are fixing this issue transparently, and will stop doing so in the future.
  validate(nb)
/home/ubuntu/anaconda3/lib/python3.9/site-packages/notebook/services/contents/manager.py:353: MissingIDFieldWarning: Code cell is missing an id field, this will become a hard error in future nbformat versions. You may want to use `normalize()` on your notebooks before validations (available since nbformat 5.1.4). Previous versions of nbformat are fixing this issue transparently, and will stop doing so in the future.
  validate_nb(model['content'])
[I 10:41:15.053 NotebookApp] Saving file at /machine_leanring/Logistic_regression.ipynb
[I 10:43:15.041 NotebookApp] Saving file at /machine_leanring/Logistic_regression.ipynb
[I 10:45:15.063 NotebookApp] Saving file at /machine_leanring/Logistic_regression.ipynb
[I 10:47:15.073 NotebookApp] Saving file at /machine_leanring/Logistic_regression.ipynb
[I 10:49:15.051 NotebookApp] Saving file at /machine_leanring/Logistic_regression.ipynb
[I 10:51:15.084 NotebookApp] Saving file at /machine_leanring/Logistic_regression.ipynb
[I 10:52:37.260 NotebookApp] Saving file at /machine_leanring/Logistic_regression.ipynb
